<?xml version="1.0" encoding="UTF-8"?>
<testng-results ignored="0" total="1" passed="1" failed="0" skipped="0">
  <reporter-output>
  </reporter-output>
  <suite started-at="2023-09-19T10:22:48 IST" name="Default suite" finished-at="2023-09-19T10:23:29 IST" duration-ms="40319">
    <groups>
    </groups>
    <test started-at="2023-09-19T10:22:48 IST" name="Default test" finished-at="2023-09-19T10:23:29 IST" duration-ms="40319">
      <class name="com.solera.mystore.testcases.IndexPageTest">
        <test-method is-config="true" signature="setup()[pri:0, instance:com.solera.mystore.testcases.IndexPageTest@696da30b]" started-at="2023-09-19T10:22:48 IST" name="setup" finished-at="2023-09-19T10:22:56 IST" duration-ms="7445" status="PASS">
          <reporter-output>
          </reporter-output>
        </test-method> <!-- setup -->
        <test-method signature="loginTest()[pri:0, instance:com.solera.mystore.testcases.IndexPageTest@696da30b]" started-at="2023-09-19T10:22:56 IST" name="loginTest" finished-at="2023-09-19T10:23:29 IST" duration-ms="32827" status="PASS">
          <reporter-output>
          </reporter-output>
        </test-method> <!-- loginTest -->
      </class> <!-- com.solera.mystore.testcases.IndexPageTest -->
    </test> <!-- Default test -->
  </suite> <!-- Default suite -->
</testng-results>
